2023-09-14 22:02:16.699 [main] INFO  com.demo.controller.BookControllerTest - Starting BookControllerTest using Java 1.8.0_371 on DESKTOP-K0GDO23 with PID 22220 (started by Admin in E:\workspace\ssmp_demo_02)
2023-09-14 22:02:16.701 [main] INFO  com.demo.controller.BookControllerTest - The following 4 profiles are active: "test", "testMVC", "testDB", "testMP"
2023-09-14 22:02:17.912 [main] INFO  o.s.boot.web.embedded.tomcat.TomcatWebServer - Tomcat initialized with port(s): 0 (http)
2023-09-14 22:02:17.912 [main] INFO  org.apache.catalina.core.AprLifecycleListener - An older version [1.2.37] of the Apache Tomcat Native library is installed, while Tomcat recommends a minimum version of [1.2.38]
2023-09-14 22:02:17.913 [main] INFO  org.apache.catalina.core.AprLifecycleListener - Loaded Apache Tomcat Native library [1.2.37] using APR version [1.7.4].
2023-09-14 22:02:17.913 [main] INFO  org.apache.catalina.core.AprLifecycleListener - APR capabilities: IPv6 [true], sendfile [true], accept filters [false], random [true], UDS [true].
2023-09-14 22:02:17.913 [main] INFO  org.apache.catalina.core.AprLifecycleListener - APR/OpenSSL configuration: useAprConnector [false], useOpenSSL [true]
2023-09-14 22:02:17.915 [main] INFO  org.apache.catalina.core.AprLifecycleListener - OpenSSL successfully initialized [OpenSSL 1.1.1u  30 May 2023]
2023-09-14 22:02:17.923 [main] INFO  org.apache.coyote.http11.Http11NioProtocol - Initializing ProtocolHandler ["http-nio-auto-1"]
2023-09-14 22:02:17.924 [main] INFO  org.apache.catalina.core.StandardService - Starting service [Tomcat]
2023-09-14 22:02:17.925 [main] INFO  org.apache.catalina.core.StandardEngine - Starting Servlet engine: [Apache Tomcat/9.0.79]
2023-09-14 22:02:18.067 [main] INFO  o.a.c.core.ContainerBase.[Tomcat].[localhost].[/] - Initializing Spring embedded WebApplicationContext
2023-09-14 22:02:18.068 [main] INFO  o.s.b.w.s.c.ServletWebServerApplicationContext - Root WebApplicationContext: initialization completed in 1354 ms
2023-09-14 22:02:18.250 [main] INFO  c.a.d.s.b.a.DruidDataSourceAutoConfigure - Init DruidDataSource
2023-09-14 22:02:18.425 [main] INFO  com.alibaba.druid.pool.DruidDataSource - {dataSource-1} inited
2023-09-14 22:02:19.517 [main] INFO  org.apache.coyote.http11.Http11NioProtocol - Starting ProtocolHandler ["http-nio-auto-1"]
2023-09-14 22:02:19.534 [main] INFO  o.s.boot.web.embedded.tomcat.TomcatWebServer - Tomcat started on port(s): 64287 (http) with context path ''
2023-09-14 22:02:19.542 [main] INFO  com.demo.controller.BookControllerTest - Started BookControllerTest in 3.3 seconds (JVM running for 4.217)
2023-09-14 22:02:19.949 [SpringApplicationShutdownHook] INFO  com.alibaba.druid.pool.DruidDataSource - {dataSource-1} closing ...
2023-09-14 22:02:19.950 [SpringApplicationShutdownHook] INFO  com.alibaba.druid.pool.DruidDataSource - {dataSource-1} closed
2023-09-14 22:10:24.963 [background-preinit] INFO  org.hibernate.validator.internal.util.Version - HV000001: Hibernate Validator 6.2.5.Final
2023-09-14 22:10:24.983 [main] INFO  com.demo.controller.BookControllerTest - Starting BookControllerTest using Java 1.8.0_371 on DESKTOP-K0GDO23 with PID 2012 (started by Admin in E:\workspace\ssmp_demo_02)
2023-09-14 22:10:24.983 [main] INFO  com.demo.controller.BookControllerTest - The following 4 profiles are active: "test", "testMVC", "testDB", "testMP"
2023-09-14 22:10:26.276 [main] INFO  o.s.boot.web.embedded.tomcat.TomcatWebServer - Tomcat initialized with port(s): 0 (http)
2023-09-14 22:10:26.277 [main] INFO  org.apache.catalina.core.AprLifecycleListener - An older version [1.2.37] of the Apache Tomcat Native library is installed, while Tomcat recommends a minimum version of [1.2.38]
2023-09-14 22:10:26.277 [main] INFO  org.apache.catalina.core.AprLifecycleListener - Loaded Apache Tomcat Native library [1.2.37] using APR version [1.7.4].
2023-09-14 22:10:26.277 [main] INFO  org.apache.catalina.core.AprLifecycleListener - APR capabilities: IPv6 [true], sendfile [true], accept filters [false], random [true], UDS [true].
2023-09-14 22:10:26.277 [main] INFO  org.apache.catalina.core.AprLifecycleListener - APR/OpenSSL configuration: useAprConnector [false], useOpenSSL [true]
2023-09-14 22:10:26.279 [main] INFO  org.apache.catalina.core.AprLifecycleListener - OpenSSL successfully initialized [OpenSSL 1.1.1u  30 May 2023]
2023-09-14 22:10:26.287 [main] INFO  org.apache.coyote.http11.Http11NioProtocol - Initializing ProtocolHandler ["http-nio-auto-1"]
2023-09-14 22:10:26.288 [main] INFO  org.apache.catalina.core.StandardService - Starting service [Tomcat]
2023-09-14 22:10:26.288 [main] INFO  org.apache.catalina.core.StandardEngine - Starting Servlet engine: [Apache Tomcat/9.0.79]
2023-09-14 22:10:26.430 [main] INFO  o.a.c.core.ContainerBase.[Tomcat].[localhost].[/] - Initializing Spring embedded WebApplicationContext
2023-09-14 22:10:26.430 [main] INFO  o.s.b.w.s.c.ServletWebServerApplicationContext - Root WebApplicationContext: initialization completed in 1434 ms
2023-09-14 22:10:26.613 [main] INFO  c.a.d.s.b.a.DruidDataSourceAutoConfigure - Init DruidDataSource
2023-09-14 22:10:26.792 [main] INFO  com.alibaba.druid.pool.DruidDataSource - {dataSource-1} inited
2023-09-14 22:10:27.929 [main] INFO  org.apache.coyote.http11.Http11NioProtocol - Starting ProtocolHandler ["http-nio-auto-1"]
2023-09-14 22:10:27.945 [main] INFO  o.s.boot.web.embedded.tomcat.TomcatWebServer - Tomcat started on port(s): 64580 (http) with context path ''
2023-09-14 22:10:27.953 [main] INFO  com.demo.controller.BookControllerTest - Started BookControllerTest in 3.417 seconds (JVM running for 4.353)
2023-09-14 22:10:28.400 [SpringApplicationShutdownHook] INFO  com.alibaba.druid.pool.DruidDataSource - {dataSource-1} closing ...
2023-09-14 22:10:28.401 [SpringApplicationShutdownHook] INFO  com.alibaba.druid.pool.DruidDataSource - {dataSource-1} closed
2023-09-14 22:12:47.941 [background-preinit] INFO  org.hibernate.validator.internal.util.Version - HV000001: Hibernate Validator 6.2.5.Final
2023-09-14 22:12:47.962 [main] INFO  com.demo.controller.BookControllerTest - Starting BookControllerTest using Java 1.8.0_371 on DESKTOP-K0GDO23 with PID 16888 (started by Admin in E:\workspace\ssmp_demo_02)
2023-09-14 22:12:47.962 [main] INFO  com.demo.controller.BookControllerTest - The following 4 profiles are active: "test", "testMVC", "testDB", "testMP"
2023-09-14 22:12:49.383 [main] INFO  o.s.boot.web.embedded.tomcat.TomcatWebServer - Tomcat initialized with port(s): 0 (http)
2023-09-14 22:12:49.384 [main] INFO  org.apache.catalina.core.AprLifecycleListener - An older version [1.2.37] of the Apache Tomcat Native library is installed, while Tomcat recommends a minimum version of [1.2.38]
2023-09-14 22:12:49.385 [main] INFO  org.apache.catalina.core.AprLifecycleListener - Loaded Apache Tomcat Native library [1.2.37] using APR version [1.7.4].
2023-09-14 22:12:49.385 [main] INFO  org.apache.catalina.core.AprLifecycleListener - APR capabilities: IPv6 [true], sendfile [true], accept filters [false], random [true], UDS [true].
2023-09-14 22:12:49.385 [main] INFO  org.apache.catalina.core.AprLifecycleListener - APR/OpenSSL configuration: useAprConnector [false], useOpenSSL [true]
2023-09-14 22:12:49.387 [main] INFO  org.apache.catalina.core.AprLifecycleListener - OpenSSL successfully initialized [OpenSSL 1.1.1u  30 May 2023]
2023-09-14 22:12:49.394 [main] INFO  org.apache.coyote.http11.Http11NioProtocol - Initializing ProtocolHandler ["http-nio-auto-1"]
2023-09-14 22:12:49.396 [main] INFO  org.apache.catalina.core.StandardService - Starting service [Tomcat]
2023-09-14 22:12:49.396 [main] INFO  org.apache.catalina.core.StandardEngine - Starting Servlet engine: [Apache Tomcat/9.0.79]
2023-09-14 22:12:49.604 [main] INFO  o.a.c.core.ContainerBase.[Tomcat].[localhost].[/] - Initializing Spring embedded WebApplicationContext
2023-09-14 22:12:49.604 [main] INFO  o.s.b.w.s.c.ServletWebServerApplicationContext - Root WebApplicationContext: initialization completed in 1626 ms
2023-09-14 22:12:49.868 [main] INFO  c.a.d.s.b.a.DruidDataSourceAutoConfigure - Init DruidDataSource
2023-09-14 22:12:50.121 [main] INFO  com.alibaba.druid.pool.DruidDataSource - {dataSource-1} inited
2023-09-14 22:12:51.777 [main] INFO  org.apache.coyote.http11.Http11NioProtocol - Starting ProtocolHandler ["http-nio-auto-1"]
2023-09-14 22:12:51.802 [main] INFO  o.s.boot.web.embedded.tomcat.TomcatWebServer - Tomcat started on port(s): 64608 (http) with context path ''
2023-09-14 22:12:51.810 [main] INFO  com.demo.controller.BookControllerTest - Started BookControllerTest in 4.328 seconds (JVM running for 5.496)
2023-09-14 22:12:52.273 [SpringApplicationShutdownHook] INFO  com.alibaba.druid.pool.DruidDataSource - {dataSource-1} closing ...
2023-09-14 22:12:52.275 [SpringApplicationShutdownHook] INFO  com.alibaba.druid.pool.DruidDataSource - {dataSource-1} closed
2023-09-14 22:14:27.038 [background-preinit] INFO  org.hibernate.validator.internal.util.Version - HV000001: Hibernate Validator 6.2.5.Final
2023-09-14 22:14:27.057 [main] INFO  com.demo.controller.BookControllerTest - Starting BookControllerTest using Java 1.8.0_371 on DESKTOP-K0GDO23 with PID 6116 (started by Admin in E:\workspace\ssmp_demo_02)
2023-09-14 22:14:27.057 [main] INFO  com.demo.controller.BookControllerTest - The following 4 profiles are active: "test", "testMVC", "testDB", "testMP"
2023-09-14 22:14:28.420 [main] INFO  o.s.boot.web.embedded.tomcat.TomcatWebServer - Tomcat initialized with port(s): 0 (http)
2023-09-14 22:14:28.421 [main] INFO  org.apache.catalina.core.AprLifecycleListener - An older version [1.2.37] of the Apache Tomcat Native library is installed, while Tomcat recommends a minimum version of [1.2.38]
2023-09-14 22:14:28.421 [main] INFO  org.apache.catalina.core.AprLifecycleListener - Loaded Apache Tomcat Native library [1.2.37] using APR version [1.7.4].
2023-09-14 22:14:28.421 [main] INFO  org.apache.catalina.core.AprLifecycleListener - APR capabilities: IPv6 [true], sendfile [true], accept filters [false], random [true], UDS [true].
2023-09-14 22:14:28.422 [main] INFO  org.apache.catalina.core.AprLifecycleListener - APR/OpenSSL configuration: useAprConnector [false], useOpenSSL [true]
2023-09-14 22:14:28.424 [main] INFO  org.apache.catalina.core.AprLifecycleListener - OpenSSL successfully initialized [OpenSSL 1.1.1u  30 May 2023]
2023-09-14 22:14:28.431 [main] INFO  org.apache.coyote.http11.Http11NioProtocol - Initializing ProtocolHandler ["http-nio-auto-1"]
2023-09-14 22:14:28.432 [main] INFO  org.apache.catalina.core.StandardService - Starting service [Tomcat]
2023-09-14 22:14:28.432 [main] INFO  org.apache.catalina.core.StandardEngine - Starting Servlet engine: [Apache Tomcat/9.0.79]
2023-09-14 22:14:28.589 [main] INFO  o.a.c.core.ContainerBase.[Tomcat].[localhost].[/] - Initializing Spring embedded WebApplicationContext
2023-09-14 22:14:28.589 [main] INFO  o.s.b.w.s.c.ServletWebServerApplicationContext - Root WebApplicationContext: initialization completed in 1516 ms
2023-09-14 22:14:28.803 [main] INFO  c.a.d.s.b.a.DruidDataSourceAutoConfigure - Init DruidDataSource
2023-09-14 22:14:28.979 [main] INFO  com.alibaba.druid.pool.DruidDataSource - {dataSource-1} inited
2023-09-14 22:14:30.233 [main] INFO  org.apache.coyote.http11.Http11NioProtocol - Starting ProtocolHandler ["http-nio-auto-1"]
2023-09-14 22:14:30.257 [main] INFO  o.s.boot.web.embedded.tomcat.TomcatWebServer - Tomcat started on port(s): 64651 (http) with context path ''
2023-09-14 22:14:30.267 [main] INFO  com.demo.controller.BookControllerTest - Started BookControllerTest in 3.676 seconds (JVM running for 4.776)
2023-09-14 22:14:30.706 [SpringApplicationShutdownHook] INFO  com.alibaba.druid.pool.DruidDataSource - {dataSource-1} closing ...
2023-09-14 22:14:30.707 [SpringApplicationShutdownHook] INFO  com.alibaba.druid.pool.DruidDataSource - {dataSource-1} closed
2023-09-14 22:17:05.951 [background-preinit] INFO  org.hibernate.validator.internal.util.Version - HV000001: Hibernate Validator 6.2.5.Final
2023-09-14 22:17:05.982 [main] INFO  com.demo.controller.BookControllerTest - Starting BookControllerTest using Java 1.8.0_371 on DESKTOP-K0GDO23 with PID 1864 (started by Admin in E:\workspace\ssmp_demo_02)
2023-09-14 22:17:05.983 [main] INFO  com.demo.controller.BookControllerTest - The following 4 profiles are active: "test", "testMVC", "testDB", "testMP"
2023-09-14 22:17:07.380 [main] INFO  o.s.boot.web.embedded.tomcat.TomcatWebServer - Tomcat initialized with port(s): 0 (http)
2023-09-14 22:17:07.381 [main] INFO  org.apache.catalina.core.AprLifecycleListener - An older version [1.2.37] of the Apache Tomcat Native library is installed, while Tomcat recommends a minimum version of [1.2.38]
2023-09-14 22:17:07.381 [main] INFO  org.apache.catalina.core.AprLifecycleListener - Loaded Apache Tomcat Native library [1.2.37] using APR version [1.7.4].
2023-09-14 22:17:07.381 [main] INFO  org.apache.catalina.core.AprLifecycleListener - APR capabilities: IPv6 [true], sendfile [true], accept filters [false], random [true], UDS [true].
2023-09-14 22:17:07.381 [main] INFO  org.apache.catalina.core.AprLifecycleListener - APR/OpenSSL configuration: useAprConnector [false], useOpenSSL [true]
2023-09-14 22:17:07.383 [main] INFO  org.apache.catalina.core.AprLifecycleListener - OpenSSL successfully initialized [OpenSSL 1.1.1u  30 May 2023]
2023-09-14 22:17:07.390 [main] INFO  org.apache.coyote.http11.Http11NioProtocol - Initializing ProtocolHandler ["http-nio-auto-1"]
2023-09-14 22:17:07.391 [main] INFO  org.apache.catalina.core.StandardService - Starting service [Tomcat]
2023-09-14 22:17:07.392 [main] INFO  org.apache.catalina.core.StandardEngine - Starting Servlet engine: [Apache Tomcat/9.0.79]
2023-09-14 22:17:07.544 [main] INFO  o.a.c.core.ContainerBase.[Tomcat].[localhost].[/] - Initializing Spring embedded WebApplicationContext
2023-09-14 22:17:07.544 [main] INFO  o.s.b.w.s.c.ServletWebServerApplicationContext - Root WebApplicationContext: initialization completed in 1543 ms
2023-09-14 22:17:07.760 [main] INFO  c.a.d.s.b.a.DruidDataSourceAutoConfigure - Init DruidDataSource
2023-09-14 22:17:07.939 [main] INFO  com.alibaba.druid.pool.DruidDataSource - {dataSource-1} inited
2023-09-14 22:17:09.233 [main] INFO  org.apache.coyote.http11.Http11NioProtocol - Starting ProtocolHandler ["http-nio-auto-1"]
2023-09-14 22:17:09.254 [main] INFO  o.s.boot.web.embedded.tomcat.TomcatWebServer - Tomcat started on port(s): 64711 (http) with context path ''
2023-09-14 22:17:09.265 [main] INFO  com.demo.controller.BookControllerTest - Started BookControllerTest in 3.779 seconds (JVM running for 4.837)
2023-09-14 22:17:09.717 [SpringApplicationShutdownHook] INFO  com.alibaba.druid.pool.DruidDataSource - {dataSource-1} closing ...
2023-09-14 22:17:09.718 [SpringApplicationShutdownHook] INFO  com.alibaba.druid.pool.DruidDataSource - {dataSource-1} closed
2023-09-14 22:20:49.269 [background-preinit] INFO  org.hibernate.validator.internal.util.Version - HV000001: Hibernate Validator 6.2.5.Final
2023-09-14 22:20:49.289 [main] INFO  com.demo.controller.BookControllerTest - Starting BookControllerTest using Java 1.8.0_371 on DESKTOP-K0GDO23 with PID 1100 (started by Admin in E:\workspace\ssmp_demo_02)
2023-09-14 22:20:49.290 [main] INFO  com.demo.controller.BookControllerTest - The following 4 profiles are active: "test", "testMVC", "testDB", "testMP"
2023-09-14 22:20:50.632 [main] INFO  o.s.boot.web.embedded.tomcat.TomcatWebServer - Tomcat initialized with port(s): 0 (http)
2023-09-14 22:20:50.633 [main] INFO  org.apache.catalina.core.AprLifecycleListener - An older version [1.2.37] of the Apache Tomcat Native library is installed, while Tomcat recommends a minimum version of [1.2.38]
2023-09-14 22:20:50.633 [main] INFO  org.apache.catalina.core.AprLifecycleListener - Loaded Apache Tomcat Native library [1.2.37] using APR version [1.7.4].
2023-09-14 22:20:50.633 [main] INFO  org.apache.catalina.core.AprLifecycleListener - APR capabilities: IPv6 [true], sendfile [true], accept filters [false], random [true], UDS [true].
2023-09-14 22:20:50.634 [main] INFO  org.apache.catalina.core.AprLifecycleListener - APR/OpenSSL configuration: useAprConnector [false], useOpenSSL [true]
2023-09-14 22:20:50.636 [main] INFO  org.apache.catalina.core.AprLifecycleListener - OpenSSL successfully initialized [OpenSSL 1.1.1u  30 May 2023]
2023-09-14 22:20:50.642 [main] INFO  org.apache.coyote.http11.Http11NioProtocol - Initializing ProtocolHandler ["http-nio-auto-1"]
2023-09-14 22:20:50.644 [main] INFO  org.apache.catalina.core.StandardService - Starting service [Tomcat]
2023-09-14 22:20:50.644 [main] INFO  org.apache.catalina.core.StandardEngine - Starting Servlet engine: [Apache Tomcat/9.0.79]
2023-09-14 22:20:50.794 [main] INFO  o.a.c.core.ContainerBase.[Tomcat].[localhost].[/] - Initializing Spring embedded WebApplicationContext
2023-09-14 22:20:50.794 [main] INFO  o.s.b.w.s.c.ServletWebServerApplicationContext - Root WebApplicationContext: initialization completed in 1491 ms
2023-09-14 22:20:50.988 [main] INFO  c.a.d.s.b.a.DruidDataSourceAutoConfigure - Init DruidDataSource
2023-09-14 22:20:51.167 [main] INFO  com.alibaba.druid.pool.DruidDataSource - {dataSource-1} inited
2023-09-14 22:20:52.267 [main] INFO  o.a.c.core.ContainerBase.[Tomcat].[localhost].[/] - Initializing Spring TestDispatcherServlet ''
2023-09-14 22:20:52.267 [main] INFO  o.s.test.web.servlet.TestDispatcherServlet - Initializing Servlet ''
2023-09-14 22:20:52.268 [main] INFO  o.s.test.web.servlet.TestDispatcherServlet - Completed initialization in 1 ms
2023-09-14 22:20:52.315 [main] INFO  org.apache.coyote.http11.Http11NioProtocol - Starting ProtocolHandler ["http-nio-auto-1"]
2023-09-14 22:20:52.331 [main] INFO  o.s.boot.web.embedded.tomcat.TomcatWebServer - Tomcat started on port(s): 64739 (http) with context path ''
2023-09-14 22:20:52.340 [main] INFO  com.demo.controller.BookControllerTest - Started BookControllerTest in 3.493 seconds (JVM running for 4.462)
2023-09-14 22:20:52.566 [main] INFO  com.demo.controller.BookController - 请求数据:10
2023-09-14 22:20:53.288 [main] INFO  com.demo.controller.BookController - 响应数据:{"code":20021,"data":{"createTime":"2023-09-11 04:40:00","description":"心理学大师的思考方式","id":10,"name":"思考快与慢","type":"心理学"},"msg":"success"}
2023-09-14 22:20:53.541 [SpringApplicationShutdownHook] INFO  com.alibaba.druid.pool.DruidDataSource - {dataSource-1} closing ...
2023-09-14 22:20:53.544 [SpringApplicationShutdownHook] INFO  com.alibaba.druid.pool.DruidDataSource - {dataSource-1} closed
2023-09-14 22:21:24.060 [background-preinit] INFO  org.hibernate.validator.internal.util.Version - HV000001: Hibernate Validator 6.2.5.Final
2023-09-14 22:21:24.076 [main] INFO  com.demo.controller.BookControllerTest - Starting BookControllerTest using Java 1.8.0_371 on DESKTOP-K0GDO23 with PID 13216 (started by Admin in E:\workspace\ssmp_demo_02)
2023-09-14 22:21:24.077 [main] INFO  com.demo.controller.BookControllerTest - The following 4 profiles are active: "test", "testMVC", "testDB", "testMP"
2023-09-14 22:21:25.340 [main] INFO  o.s.boot.web.embedded.tomcat.TomcatWebServer - Tomcat initialized with port(s): 0 (http)
2023-09-14 22:21:25.341 [main] INFO  org.apache.catalina.core.AprLifecycleListener - An older version [1.2.37] of the Apache Tomcat Native library is installed, while Tomcat recommends a minimum version of [1.2.38]
2023-09-14 22:21:25.341 [main] INFO  org.apache.catalina.core.AprLifecycleListener - Loaded Apache Tomcat Native library [1.2.37] using APR version [1.7.4].
2023-09-14 22:21:25.341 [main] INFO  org.apache.catalina.core.AprLifecycleListener - APR capabilities: IPv6 [true], sendfile [true], accept filters [false], random [true], UDS [true].
2023-09-14 22:21:25.341 [main] INFO  org.apache.catalina.core.AprLifecycleListener - APR/OpenSSL configuration: useAprConnector [false], useOpenSSL [true]
2023-09-14 22:21:25.344 [main] INFO  org.apache.catalina.core.AprLifecycleListener - OpenSSL successfully initialized [OpenSSL 1.1.1u  30 May 2023]
2023-09-14 22:21:25.350 [main] INFO  org.apache.coyote.http11.Http11NioProtocol - Initializing ProtocolHandler ["http-nio-auto-1"]
2023-09-14 22:21:25.352 [main] INFO  org.apache.catalina.core.StandardService - Starting service [Tomcat]
2023-09-14 22:21:25.352 [main] INFO  org.apache.catalina.core.StandardEngine - Starting Servlet engine: [Apache Tomcat/9.0.79]
2023-09-14 22:21:25.491 [main] INFO  o.a.c.core.ContainerBase.[Tomcat].[localhost].[/] - Initializing Spring embedded WebApplicationContext
2023-09-14 22:21:25.492 [main] INFO  o.s.b.w.s.c.ServletWebServerApplicationContext - Root WebApplicationContext: initialization completed in 1402 ms
2023-09-14 22:21:25.685 [main] INFO  c.a.d.s.b.a.DruidDataSourceAutoConfigure - Init DruidDataSource
2023-09-14 22:21:25.867 [main] INFO  com.alibaba.druid.pool.DruidDataSource - {dataSource-1} inited
2023-09-14 22:21:26.962 [main] INFO  o.a.c.core.ContainerBase.[Tomcat].[localhost].[/] - Initializing Spring TestDispatcherServlet ''
2023-09-14 22:21:26.962 [main] INFO  o.s.test.web.servlet.TestDispatcherServlet - Initializing Servlet ''
2023-09-14 22:21:26.963 [main] INFO  o.s.test.web.servlet.TestDispatcherServlet - Completed initialization in 1 ms
2023-09-14 22:21:27.003 [main] INFO  org.apache.coyote.http11.Http11NioProtocol - Starting ProtocolHandler ["http-nio-auto-1"]
2023-09-14 22:21:27.018 [main] INFO  o.s.boot.web.embedded.tomcat.TomcatWebServer - Tomcat started on port(s): 64751 (http) with context path ''
2023-09-14 22:21:27.026 [main] INFO  com.demo.controller.BookControllerTest - Started BookControllerTest in 3.381 seconds (JVM running for 4.317)
2023-09-14 22:21:27.545 [SpringApplicationShutdownHook] INFO  com.alibaba.druid.pool.DruidDataSource - {dataSource-1} closing ...
2023-09-14 22:21:27.546 [SpringApplicationShutdownHook] INFO  com.alibaba.druid.pool.DruidDataSource - {dataSource-1} closed
2023-09-14 22:26:55.982 [background-preinit] INFO  org.hibernate.validator.internal.util.Version - HV000001: Hibernate Validator 6.2.5.Final
2023-09-14 22:26:56.002 [main] INFO  com.demo.controller.BookControllerTest - Starting BookControllerTest using Java 1.8.0_371 on DESKTOP-K0GDO23 with PID 2680 (started by Admin in E:\workspace\ssmp_demo_02)
2023-09-14 22:26:56.002 [main] INFO  com.demo.controller.BookControllerTest - The following 4 profiles are active: "test", "testMVC", "testDB", "testMP"
2023-09-14 22:26:57.572 [main] INFO  o.s.boot.web.embedded.tomcat.TomcatWebServer - Tomcat initialized with port(s): 0 (http)
2023-09-14 22:26:57.573 [main] INFO  org.apache.catalina.core.AprLifecycleListener - An older version [1.2.37] of the Apache Tomcat Native library is installed, while Tomcat recommends a minimum version of [1.2.38]
2023-09-14 22:26:57.573 [main] INFO  org.apache.catalina.core.AprLifecycleListener - Loaded Apache Tomcat Native library [1.2.37] using APR version [1.7.4].
2023-09-14 22:26:57.574 [main] INFO  org.apache.catalina.core.AprLifecycleListener - APR capabilities: IPv6 [true], sendfile [true], accept filters [false], random [true], UDS [true].
2023-09-14 22:26:57.574 [main] INFO  org.apache.catalina.core.AprLifecycleListener - APR/OpenSSL configuration: useAprConnector [false], useOpenSSL [true]
2023-09-14 22:26:57.576 [main] INFO  org.apache.catalina.core.AprLifecycleListener - OpenSSL successfully initialized [OpenSSL 1.1.1u  30 May 2023]
2023-09-14 22:26:57.583 [main] INFO  org.apache.coyote.http11.Http11NioProtocol - Initializing ProtocolHandler ["http-nio-auto-1"]
2023-09-14 22:26:57.584 [main] INFO  org.apache.catalina.core.StandardService - Starting service [Tomcat]
2023-09-14 22:26:57.585 [main] INFO  org.apache.catalina.core.StandardEngine - Starting Servlet engine: [Apache Tomcat/9.0.79]
2023-09-14 22:26:57.723 [main] INFO  o.a.c.core.ContainerBase.[Tomcat].[localhost].[/] - Initializing Spring embedded WebApplicationContext
2023-09-14 22:26:57.723 [main] INFO  o.s.b.w.s.c.ServletWebServerApplicationContext - Root WebApplicationContext: initialization completed in 1706 ms
2023-09-14 22:26:57.908 [main] INFO  c.a.d.s.b.a.DruidDataSourceAutoConfigure - Init DruidDataSource
2023-09-14 22:26:58.071 [main] INFO  com.alibaba.druid.pool.DruidDataSource - {dataSource-1} inited
2023-09-14 22:26:59.170 [main] INFO  o.a.c.core.ContainerBase.[Tomcat].[localhost].[/] - Initializing Spring TestDispatcherServlet ''
2023-09-14 22:26:59.171 [main] INFO  o.s.test.web.servlet.TestDispatcherServlet - Initializing Servlet ''
2023-09-14 22:26:59.172 [main] INFO  o.s.test.web.servlet.TestDispatcherServlet - Completed initialization in 1 ms
2023-09-14 22:26:59.207 [main] INFO  org.apache.coyote.http11.Http11NioProtocol - Starting ProtocolHandler ["http-nio-auto-1"]
2023-09-14 22:26:59.221 [main] INFO  o.s.boot.web.embedded.tomcat.TomcatWebServer - Tomcat started on port(s): 64848 (http) with context path ''
2023-09-14 22:26:59.230 [main] INFO  com.demo.controller.BookControllerTest - Started BookControllerTest in 3.724 seconds (JVM running for 4.652)
2023-09-14 22:26:59.722 [main] INFO  com.demo.controller.BookController - 请求参数:Book(id=null, type=22002, name=11, description=33, createTime=2023-09-14 22:26:59)
2023-09-14 22:27:00.340 [main] INFO  com.demo.controller.BookController - 响应数据：{"code":20011,"data":true}
2023-09-14 22:27:00.568 [SpringApplicationShutdownHook] INFO  com.alibaba.druid.pool.DruidDataSource - {dataSource-1} closing ...
2023-09-14 22:27:00.571 [SpringApplicationShutdownHook] INFO  com.alibaba.druid.pool.DruidDataSource - {dataSource-1} closed
2023-09-14 22:27:49.465 [background-preinit] INFO  org.hibernate.validator.internal.util.Version - HV000001: Hibernate Validator 6.2.5.Final
2023-09-14 22:27:49.489 [main] INFO  com.demo.controller.BookControllerTest - Starting BookControllerTest using Java 1.8.0_371 on DESKTOP-K0GDO23 with PID 3980 (started by Admin in E:\workspace\ssmp_demo_02)
2023-09-14 22:27:49.490 [main] INFO  com.demo.controller.BookControllerTest - The following 4 profiles are active: "test", "testMVC", "testDB", "testMP"
2023-09-14 22:27:51.072 [main] INFO  o.s.boot.web.embedded.tomcat.TomcatWebServer - Tomcat initialized with port(s): 0 (http)
2023-09-14 22:27:51.073 [main] INFO  org.apache.catalina.core.AprLifecycleListener - An older version [1.2.37] of the Apache Tomcat Native library is installed, while Tomcat recommends a minimum version of [1.2.38]
2023-09-14 22:27:51.073 [main] INFO  org.apache.catalina.core.AprLifecycleListener - Loaded Apache Tomcat Native library [1.2.37] using APR version [1.7.4].
2023-09-14 22:27:51.073 [main] INFO  org.apache.catalina.core.AprLifecycleListener - APR capabilities: IPv6 [true], sendfile [true], accept filters [false], random [true], UDS [true].
2023-09-14 22:27:51.073 [main] INFO  org.apache.catalina.core.AprLifecycleListener - APR/OpenSSL configuration: useAprConnector [false], useOpenSSL [true]
2023-09-14 22:27:51.076 [main] INFO  org.apache.catalina.core.AprLifecycleListener - OpenSSL successfully initialized [OpenSSL 1.1.1u  30 May 2023]
2023-09-14 22:27:51.082 [main] INFO  org.apache.coyote.http11.Http11NioProtocol - Initializing ProtocolHandler ["http-nio-auto-1"]
2023-09-14 22:27:51.083 [main] INFO  org.apache.catalina.core.StandardService - Starting service [Tomcat]
2023-09-14 22:27:51.084 [main] INFO  org.apache.catalina.core.StandardEngine - Starting Servlet engine: [Apache Tomcat/9.0.79]
2023-09-14 22:27:51.232 [main] INFO  o.a.c.core.ContainerBase.[Tomcat].[localhost].[/] - Initializing Spring embedded WebApplicationContext
2023-09-14 22:27:51.232 [main] INFO  o.s.b.w.s.c.ServletWebServerApplicationContext - Root WebApplicationContext: initialization completed in 1728 ms
2023-09-14 22:27:51.426 [main] INFO  c.a.d.s.b.a.DruidDataSourceAutoConfigure - Init DruidDataSource
2023-09-14 22:27:51.589 [main] INFO  com.alibaba.druid.pool.DruidDataSource - {dataSource-1} inited
2023-09-14 22:27:52.713 [main] INFO  o.a.c.core.ContainerBase.[Tomcat].[localhost].[/] - Initializing Spring TestDispatcherServlet ''
2023-09-14 22:27:52.713 [main] INFO  o.s.test.web.servlet.TestDispatcherServlet - Initializing Servlet ''
2023-09-14 22:27:52.714 [main] INFO  o.s.test.web.servlet.TestDispatcherServlet - Completed initialization in 1 ms
2023-09-14 22:27:52.745 [main] INFO  org.apache.coyote.http11.Http11NioProtocol - Starting ProtocolHandler ["http-nio-auto-1"]
2023-09-14 22:27:52.762 [main] INFO  o.s.boot.web.embedded.tomcat.TomcatWebServer - Tomcat started on port(s): 64869 (http) with context path ''
2023-09-14 22:27:52.771 [main] INFO  com.demo.controller.BookControllerTest - Started BookControllerTest in 3.762 seconds (JVM running for 4.686)
2023-09-14 22:27:53.271 [main] INFO  com.demo.controller.BookController - 请求参数:Book(id=null, type=22, name=11, description=33, createTime=2023-09-14 22:27:52)
2023-09-14 22:27:53.834 [main] INFO  com.demo.controller.BookController - 响应数据：{"code":20011,"data":true}
2023-09-14 22:27:54.071 [SpringApplicationShutdownHook] INFO  com.alibaba.druid.pool.DruidDataSource - {dataSource-1} closing ...
2023-09-14 22:27:54.074 [SpringApplicationShutdownHook] INFO  com.alibaba.druid.pool.DruidDataSource - {dataSource-1} closed
2023-09-14 22:29:16.001 [background-preinit] INFO  org.hibernate.validator.internal.util.Version - HV000001: Hibernate Validator 6.2.5.Final
2023-09-14 22:29:16.017 [main] INFO  com.demo.controller.BookControllerTest - Starting BookControllerTest using Java 1.8.0_371 on DESKTOP-K0GDO23 with PID 21372 (started by Admin in E:\workspace\ssmp_demo_02)
2023-09-14 22:29:16.018 [main] INFO  com.demo.controller.BookControllerTest - The following 4 profiles are active: "test", "testMVC", "testDB", "testMP"
2023-09-14 22:29:17.277 [main] INFO  o.s.boot.web.embedded.tomcat.TomcatWebServer - Tomcat initialized with port(s): 0 (http)
2023-09-14 22:29:17.278 [main] INFO  org.apache.catalina.core.AprLifecycleListener - An older version [1.2.37] of the Apache Tomcat Native library is installed, while Tomcat recommends a minimum version of [1.2.38]
2023-09-14 22:29:17.279 [main] INFO  org.apache.catalina.core.AprLifecycleListener - Loaded Apache Tomcat Native library [1.2.37] using APR version [1.7.4].
2023-09-14 22:29:17.279 [main] INFO  org.apache.catalina.core.AprLifecycleListener - APR capabilities: IPv6 [true], sendfile [true], accept filters [false], random [true], UDS [true].
2023-09-14 22:29:17.279 [main] INFO  org.apache.catalina.core.AprLifecycleListener - APR/OpenSSL configuration: useAprConnector [false], useOpenSSL [true]
2023-09-14 22:29:17.281 [main] INFO  org.apache.catalina.core.AprLifecycleListener - OpenSSL successfully initialized [OpenSSL 1.1.1u  30 May 2023]
2023-09-14 22:29:17.288 [main] INFO  org.apache.coyote.http11.Http11NioProtocol - Initializing ProtocolHandler ["http-nio-auto-1"]
2023-09-14 22:29:17.289 [main] INFO  org.apache.catalina.core.StandardService - Starting service [Tomcat]
2023-09-14 22:29:17.289 [main] INFO  org.apache.catalina.core.StandardEngine - Starting Servlet engine: [Apache Tomcat/9.0.79]
2023-09-14 22:29:17.429 [main] INFO  o.a.c.core.ContainerBase.[Tomcat].[localhost].[/] - Initializing Spring embedded WebApplicationContext
2023-09-14 22:29:17.429 [main] INFO  o.s.b.w.s.c.ServletWebServerApplicationContext - Root WebApplicationContext: initialization completed in 1397 ms
2023-09-14 22:29:17.614 [main] INFO  c.a.d.s.b.a.DruidDataSourceAutoConfigure - Init DruidDataSource
2023-09-14 22:29:17.782 [main] INFO  com.alibaba.druid.pool.DruidDataSource - {dataSource-1} inited
2023-09-14 22:29:18.846 [main] INFO  o.a.c.core.ContainerBase.[Tomcat].[localhost].[/] - Initializing Spring TestDispatcherServlet ''
2023-09-14 22:29:18.847 [main] INFO  o.s.test.web.servlet.TestDispatcherServlet - Initializing Servlet ''
2023-09-14 22:29:18.848 [main] INFO  o.s.test.web.servlet.TestDispatcherServlet - Completed initialization in 1 ms
2023-09-14 22:29:18.889 [main] INFO  org.apache.coyote.http11.Http11NioProtocol - Starting ProtocolHandler ["http-nio-auto-1"]
2023-09-14 22:29:18.905 [main] INFO  o.s.boot.web.embedded.tomcat.TomcatWebServer - Tomcat started on port(s): 64893 (http) with context path ''
2023-09-14 22:29:18.914 [main] INFO  com.demo.controller.BookControllerTest - Started BookControllerTest in 3.322 seconds (JVM running for 4.27)
2023-09-14 22:29:20.192 [SpringApplicationShutdownHook] INFO  com.alibaba.druid.pool.DruidDataSource - {dataSource-1} closing ...
2023-09-14 22:29:20.195 [SpringApplicationShutdownHook] INFO  com.alibaba.druid.pool.DruidDataSource - {dataSource-1} closed
2023-09-14 22:34:31.041 [background-preinit] INFO  org.hibernate.validator.internal.util.Version - HV000001: Hibernate Validator 6.2.5.Final
2023-09-14 22:34:31.061 [main] INFO  com.demo.controller.BookControllerTest - Starting BookControllerTest using Java 1.8.0_371 on DESKTOP-K0GDO23 with PID 14280 (started by Admin in E:\workspace\ssmp_demo_02)
2023-09-14 22:34:31.062 [main] INFO  com.demo.controller.BookControllerTest - The following 4 profiles are active: "test", "testMVC", "testDB", "testMP"
2023-09-14 22:34:32.311 [main] INFO  o.s.boot.web.embedded.tomcat.TomcatWebServer - Tomcat initialized with port(s): 0 (http)
2023-09-14 22:34:32.312 [main] INFO  org.apache.catalina.core.AprLifecycleListener - An older version [1.2.37] of the Apache Tomcat Native library is installed, while Tomcat recommends a minimum version of [1.2.38]
2023-09-14 22:34:32.312 [main] INFO  org.apache.catalina.core.AprLifecycleListener - Loaded Apache Tomcat Native library [1.2.37] using APR version [1.7.4].
2023-09-14 22:34:32.313 [main] INFO  org.apache.catalina.core.AprLifecycleListener - APR capabilities: IPv6 [true], sendfile [true], accept filters [false], random [true], UDS [true].
2023-09-14 22:34:32.313 [main] INFO  org.apache.catalina.core.AprLifecycleListener - APR/OpenSSL configuration: useAprConnector [false], useOpenSSL [true]
2023-09-14 22:34:32.315 [main] INFO  org.apache.catalina.core.AprLifecycleListener - OpenSSL successfully initialized [OpenSSL 1.1.1u  30 May 2023]
2023-09-14 22:34:32.322 [main] INFO  org.apache.coyote.http11.Http11NioProtocol - Initializing ProtocolHandler ["http-nio-auto-1"]
2023-09-14 22:34:32.323 [main] INFO  org.apache.catalina.core.StandardService - Starting service [Tomcat]
2023-09-14 22:34:32.324 [main] INFO  org.apache.catalina.core.StandardEngine - Starting Servlet engine: [Apache Tomcat/9.0.79]
2023-09-14 22:34:32.463 [main] INFO  o.a.c.core.ContainerBase.[Tomcat].[localhost].[/] - Initializing Spring embedded WebApplicationContext
2023-09-14 22:34:32.463 [main] INFO  o.s.b.w.s.c.ServletWebServerApplicationContext - Root WebApplicationContext: initialization completed in 1389 ms
2023-09-14 22:34:32.651 [main] INFO  c.a.d.s.b.a.DruidDataSourceAutoConfigure - Init DruidDataSource
2023-09-14 22:34:32.816 [main] INFO  com.alibaba.druid.pool.DruidDataSource - {dataSource-1} inited
2023-09-14 22:34:33.886 [main] INFO  o.a.c.core.ContainerBase.[Tomcat].[localhost].[/] - Initializing Spring TestDispatcherServlet ''
2023-09-14 22:34:33.886 [main] INFO  o.s.test.web.servlet.TestDispatcherServlet - Initializing Servlet ''
2023-09-14 22:34:33.887 [main] INFO  o.s.test.web.servlet.TestDispatcherServlet - Completed initialization in 1 ms
2023-09-14 22:34:33.929 [main] INFO  org.apache.coyote.http11.Http11NioProtocol - Starting ProtocolHandler ["http-nio-auto-1"]
2023-09-14 22:34:33.944 [main] INFO  o.s.boot.web.embedded.tomcat.TomcatWebServer - Tomcat started on port(s): 64957 (http) with context path ''
2023-09-14 22:34:33.951 [main] INFO  com.demo.controller.BookControllerTest - Started BookControllerTest in 3.321 seconds (JVM running for 4.264)
2023-09-14 22:34:34.618 [main] INFO  o.s.test.context.transaction.TransactionContext - Began transaction (1) for test context [DefaultTestContext@194fad1 testClass = BookControllerTest, testInstance = com.demo.controller.BookControllerTest@7eecb5b8, testMethod = updateBookTest@BookControllerTest, testException = [null], mergedContextConfiguration = [WebMergedContextConfiguration@26abb146 testClass = BookControllerTest, locations = '{}', classes = '{class com.demo.Application}', contextInitializerClasses = '[]', activeProfiles = '{}', propertySourceLocations = '{}', propertySourceProperties = '{org.springframework.boot.test.context.SpringBootTestContextBootstrapper=true, server.port=0}', contextCustomizers = set[[ImportsContextCustomizer@72c8e7b key = [org.springframework.boot.test.autoconfigure.web.servlet.MockMvcAutoConfiguration, org.springframework.boot.test.autoconfigure.web.servlet.MockMvcWebClientAutoConfiguration, org.springframework.boot.test.autoconfigure.web.servlet.MockMvcWebDriverAutoConfiguration, org.springframework.boot.autoconfigure.security.oauth2.client.servlet.OAuth2ClientAutoConfiguration, org.springframework.boot.autoconfigure.security.oauth2.resource.servlet.OAuth2ResourceServerAutoConfiguration, org.springframework.boot.autoconfigure.security.servlet.SecurityAutoConfiguration, org.springframework.boot.autoconfigure.security.servlet.SecurityFilterAutoConfiguration, org.springframework.boot.autoconfigure.security.servlet.UserDetailsServiceAutoConfiguration, org.springframework.boot.test.autoconfigure.web.servlet.MockMvcSecurityConfiguration, org.springframework.boot.test.autoconfigure.web.reactive.WebTestClientAutoConfiguration]], org.springframework.boot.test.context.filter.ExcludeFilterContextCustomizer@2f9f7dcf, org.springframework.boot.test.json.DuplicateJsonObjectContextCustomizerFactory$DuplicateJsonObjectContextCustomizer@4f83df68, org.springframework.boot.test.mock.mockito.MockitoContextCustomizer@0, org.springframework.boot.test.web.client.TestRestTemplateContextCustomizer@2a4fb17b, org.springframework.boot.test.autoconfigure.actuate.metrics.MetricsExportContextCustomizerFactory$DisableMetricExportContextCustomizer@4d5d943d, org.springframework.boot.test.autoconfigure.properties.PropertyMappingContextCustomizer@4b3fa0b3, org.springframework.boot.test.autoconfigure.web.servlet.WebDriverContextCustomizerFactory$Customizer@3e694b3f, org.springframework.boot.test.context.SpringBootTestArgs@1, org.springframework.boot.test.context.SpringBootTestWebEnvironment@51081592], resourceBasePath = 'src/main/webapp', contextLoader = 'org.springframework.boot.test.context.SpringBootContextLoader', parent = [null]], attributes = map['org.springframework.test.context.web.ServletTestExecutionListener.activateListener' -> false, 'org.springframework.test.context.event.ApplicationEventsTestExecutionListener.recordApplicationEvents' -> false]]; transaction manager [org.springframework.jdbc.support.JdbcTransactionManager@7b5cc918]; rollback [true]
2023-09-14 22:34:35.108 [main] INFO  o.s.test.context.transaction.TransactionContext - Rolled back transaction for test: [DefaultTestContext@194fad1 testClass = BookControllerTest, testInstance = com.demo.controller.BookControllerTest@7eecb5b8, testMethod = updateBookTest@BookControllerTest, testException = [null], mergedContextConfiguration = [WebMergedContextConfiguration@26abb146 testClass = BookControllerTest, locations = '{}', classes = '{class com.demo.Application}', contextInitializerClasses = '[]', activeProfiles = '{}', propertySourceLocations = '{}', propertySourceProperties = '{org.springframework.boot.test.context.SpringBootTestContextBootstrapper=true, server.port=0}', contextCustomizers = set[[ImportsContextCustomizer@72c8e7b key = [org.springframework.boot.test.autoconfigure.web.servlet.MockMvcAutoConfiguration, org.springframework.boot.test.autoconfigure.web.servlet.MockMvcWebClientAutoConfiguration, org.springframework.boot.test.autoconfigure.web.servlet.MockMvcWebDriverAutoConfiguration, org.springframework.boot.autoconfigure.security.oauth2.client.servlet.OAuth2ClientAutoConfiguration, org.springframework.boot.autoconfigure.security.oauth2.resource.servlet.OAuth2ResourceServerAutoConfiguration, org.springframework.boot.autoconfigure.security.servlet.SecurityAutoConfiguration, org.springframework.boot.autoconfigure.security.servlet.SecurityFilterAutoConfiguration, org.springframework.boot.autoconfigure.security.servlet.UserDetailsServiceAutoConfiguration, org.springframework.boot.test.autoconfigure.web.servlet.MockMvcSecurityConfiguration, org.springframework.boot.test.autoconfigure.web.reactive.WebTestClientAutoConfiguration]], org.springframework.boot.test.context.filter.ExcludeFilterContextCustomizer@2f9f7dcf, org.springframework.boot.test.json.DuplicateJsonObjectContextCustomizerFactory$DuplicateJsonObjectContextCustomizer@4f83df68, org.springframework.boot.test.mock.mockito.MockitoContextCustomizer@0, org.springframework.boot.test.web.client.TestRestTemplateContextCustomizer@2a4fb17b, org.springframework.boot.test.autoconfigure.actuate.metrics.MetricsExportContextCustomizerFactory$DisableMetricExportContextCustomizer@4d5d943d, org.springframework.boot.test.autoconfigure.properties.PropertyMappingContextCustomizer@4b3fa0b3, org.springframework.boot.test.autoconfigure.web.servlet.WebDriverContextCustomizerFactory$Customizer@3e694b3f, org.springframework.boot.test.context.SpringBootTestArgs@1, org.springframework.boot.test.context.SpringBootTestWebEnvironment@51081592], resourceBasePath = 'src/main/webapp', contextLoader = 'org.springframework.boot.test.context.SpringBootContextLoader', parent = [null]], attributes = map['org.springframework.test.context.web.ServletTestExecutionListener.activateListener' -> false, 'org.springframework.test.context.event.ApplicationEventsTestExecutionListener.recordApplicationEvents' -> false]]
2023-09-14 22:34:35.114 [main] INFO  o.s.test.context.transaction.TransactionContext - Began transaction (1) for test context [DefaultTestContext@194fad1 testClass = BookControllerTest, testInstance = com.demo.controller.BookControllerTest@38087342, testMethod = findBookByIdTest@BookControllerTest, testException = [null], mergedContextConfiguration = [WebMergedContextConfiguration@26abb146 testClass = BookControllerTest, locations = '{}', classes = '{class com.demo.Application}', contextInitializerClasses = '[]', activeProfiles = '{}', propertySourceLocations = '{}', propertySourceProperties = '{org.springframework.boot.test.context.SpringBootTestContextBootstrapper=true, server.port=0}', contextCustomizers = set[[ImportsContextCustomizer@72c8e7b key = [org.springframework.boot.test.autoconfigure.web.servlet.MockMvcAutoConfiguration, org.springframework.boot.test.autoconfigure.web.servlet.MockMvcWebClientAutoConfiguration, org.springframework.boot.test.autoconfigure.web.servlet.MockMvcWebDriverAutoConfiguration, org.springframework.boot.autoconfigure.security.oauth2.client.servlet.OAuth2ClientAutoConfiguration, org.springframework.boot.autoconfigure.security.oauth2.resource.servlet.OAuth2ResourceServerAutoConfiguration, org.springframework.boot.autoconfigure.security.servlet.SecurityAutoConfiguration, org.springframework.boot.autoconfigure.security.servlet.SecurityFilterAutoConfiguration, org.springframework.boot.autoconfigure.security.servlet.UserDetailsServiceAutoConfiguration, org.springframework.boot.test.autoconfigure.web.servlet.MockMvcSecurityConfiguration, org.springframework.boot.test.autoconfigure.web.reactive.WebTestClientAutoConfiguration]], org.springframework.boot.test.context.filter.ExcludeFilterContextCustomizer@2f9f7dcf, org.springframework.boot.test.json.DuplicateJsonObjectContextCustomizerFactory$DuplicateJsonObjectContextCustomizer@4f83df68, org.springframework.boot.test.mock.mockito.MockitoContextCustomizer@0, org.springframework.boot.test.web.client.TestRestTemplateContextCustomizer@2a4fb17b, org.springframework.boot.test.autoconfigure.actuate.metrics.MetricsExportContextCustomizerFactory$DisableMetricExportContextCustomizer@4d5d943d, org.springframework.boot.test.autoconfigure.properties.PropertyMappingContextCustomizer@4b3fa0b3, org.springframework.boot.test.autoconfigure.web.servlet.WebDriverContextCustomizerFactory$Customizer@3e694b3f, org.springframework.boot.test.context.SpringBootTestArgs@1, org.springframework.boot.test.context.SpringBootTestWebEnvironment@51081592], resourceBasePath = 'src/main/webapp', contextLoader = 'org.springframework.boot.test.context.SpringBootContextLoader', parent = [null]], attributes = map['org.springframework.test.context.web.ServletTestExecutionListener.activateListener' -> false, 'org.springframework.test.context.event.ApplicationEventsTestExecutionListener.recordApplicationEvents' -> false]]; transaction manager [org.springframework.jdbc.support.JdbcTransactionManager@7b5cc918]; rollback [true]
2023-09-14 22:34:35.118 [main] INFO  com.demo.controller.BookController - 请求数据:10
2023-09-14 22:34:35.124 [main] INFO  com.demo.controller.BookController - 响应数据:{"code":20021,"data":{"createTime":"2023-09-11 04:40:00","description":"心理学大师的思考方式","id":10,"name":"思考快与慢","type":"心理学"},"msg":"success"}
2023-09-14 22:34:35.129 [main] INFO  o.s.test.context.transaction.TransactionContext - Rolled back transaction for test: [DefaultTestContext@194fad1 testClass = BookControllerTest, testInstance = com.demo.controller.BookControllerTest@38087342, testMethod = findBookByIdTest@BookControllerTest, testException = [null], mergedContextConfiguration = [WebMergedContextConfiguration@26abb146 testClass = BookControllerTest, locations = '{}', classes = '{class com.demo.Application}', contextInitializerClasses = '[]', activeProfiles = '{}', propertySourceLocations = '{}', propertySourceProperties = '{org.springframework.boot.test.context.SpringBootTestContextBootstrapper=true, server.port=0}', contextCustomizers = set[[ImportsContextCustomizer@72c8e7b key = [org.springframework.boot.test.autoconfigure.web.servlet.MockMvcAutoConfiguration, org.springframework.boot.test.autoconfigure.web.servlet.MockMvcWebClientAutoConfiguration, org.springframework.boot.test.autoconfigure.web.servlet.MockMvcWebDriverAutoConfiguration, org.springframework.boot.autoconfigure.security.oauth2.client.servlet.OAuth2ClientAutoConfiguration, org.springframework.boot.autoconfigure.security.oauth2.resource.servlet.OAuth2ResourceServerAutoConfiguration, org.springframework.boot.autoconfigure.security.servlet.SecurityAutoConfiguration, org.springframework.boot.autoconfigure.security.servlet.SecurityFilterAutoConfiguration, org.springframework.boot.autoconfigure.security.servlet.UserDetailsServiceAutoConfiguration, org.springframework.boot.test.autoconfigure.web.servlet.MockMvcSecurityConfiguration, org.springframework.boot.test.autoconfigure.web.reactive.WebTestClientAutoConfiguration]], org.springframework.boot.test.context.filter.ExcludeFilterContextCustomizer@2f9f7dcf, org.springframework.boot.test.json.DuplicateJsonObjectContextCustomizerFactory$DuplicateJsonObjectContextCustomizer@4f83df68, org.springframework.boot.test.mock.mockito.MockitoContextCustomizer@0, org.springframework.boot.test.web.client.TestRestTemplateContextCustomizer@2a4fb17b, org.springframework.boot.test.autoconfigure.actuate.metrics.MetricsExportContextCustomizerFactory$DisableMetricExportContextCustomizer@4d5d943d, org.springframework.boot.test.autoconfigure.properties.PropertyMappingContextCustomizer@4b3fa0b3, org.springframework.boot.test.autoconfigure.web.servlet.WebDriverContextCustomizerFactory$Customizer@3e694b3f, org.springframework.boot.test.context.SpringBootTestArgs@1, org.springframework.boot.test.context.SpringBootTestWebEnvironment@51081592], resourceBasePath = 'src/main/webapp', contextLoader = 'org.springframework.boot.test.context.SpringBootContextLoader', parent = [null]], attributes = map['org.springframework.test.context.web.ServletTestExecutionListener.activateListener' -> false, 'org.springframework.test.context.event.ApplicationEventsTestExecutionListener.recordApplicationEvents' -> false]]
2023-09-14 22:34:35.131 [main] INFO  o.s.test.context.transaction.TransactionContext - Began transaction (1) for test context [DefaultTestContext@194fad1 testClass = BookControllerTest, testInstance = com.demo.controller.BookControllerTest@3ffd4b12, testMethod = addBookTest@BookControllerTest, testException = [null], mergedContextConfiguration = [WebMergedContextConfiguration@26abb146 testClass = BookControllerTest, locations = '{}', classes = '{class com.demo.Application}', contextInitializerClasses = '[]', activeProfiles = '{}', propertySourceLocations = '{}', propertySourceProperties = '{org.springframework.boot.test.context.SpringBootTestContextBootstrapper=true, server.port=0}', contextCustomizers = set[[ImportsContextCustomizer@72c8e7b key = [org.springframework.boot.test.autoconfigure.web.servlet.MockMvcAutoConfiguration, org.springframework.boot.test.autoconfigure.web.servlet.MockMvcWebClientAutoConfiguration, org.springframework.boot.test.autoconfigure.web.servlet.MockMvcWebDriverAutoConfiguration, org.springframework.boot.autoconfigure.security.oauth2.client.servlet.OAuth2ClientAutoConfiguration, org.springframework.boot.autoconfigure.security.oauth2.resource.servlet.OAuth2ResourceServerAutoConfiguration, org.springframework.boot.autoconfigure.security.servlet.SecurityAutoConfiguration, org.springframework.boot.autoconfigure.security.servlet.SecurityFilterAutoConfiguration, org.springframework.boot.autoconfigure.security.servlet.UserDetailsServiceAutoConfiguration, org.springframework.boot.test.autoconfigure.web.servlet.MockMvcSecurityConfiguration, org.springframework.boot.test.autoconfigure.web.reactive.WebTestClientAutoConfiguration]], org.springframework.boot.test.context.filter.ExcludeFilterContextCustomizer@2f9f7dcf, org.springframework.boot.test.json.DuplicateJsonObjectContextCustomizerFactory$DuplicateJsonObjectContextCustomizer@4f83df68, org.springframework.boot.test.mock.mockito.MockitoContextCustomizer@0, org.springframework.boot.test.web.client.TestRestTemplateContextCustomizer@2a4fb17b, org.springframework.boot.test.autoconfigure.actuate.metrics.MetricsExportContextCustomizerFactory$DisableMetricExportContextCustomizer@4d5d943d, org.springframework.boot.test.autoconfigure.properties.PropertyMappingContextCustomizer@4b3fa0b3, org.springframework.boot.test.autoconfigure.web.servlet.WebDriverContextCustomizerFactory$Customizer@3e694b3f, org.springframework.boot.test.context.SpringBootTestArgs@1, org.springframework.boot.test.context.SpringBootTestWebEnvironment@51081592], resourceBasePath = 'src/main/webapp', contextLoader = 'org.springframework.boot.test.context.SpringBootContextLoader', parent = [null]], attributes = map['org.springframework.test.context.web.ServletTestExecutionListener.activateListener' -> false, 'org.springframework.test.context.event.ApplicationEventsTestExecutionListener.recordApplicationEvents' -> false]]; transaction manager [org.springframework.jdbc.support.JdbcTransactionManager@7b5cc918]; rollback [true]
2023-09-14 22:34:35.133 [main] INFO  com.demo.controller.BookController - 请求参数:Book(id=null, type=220, name=110, description=330, createTime=2023-09-14 22:34:35)
2023-09-14 22:34:35.158 [main] INFO  com.demo.controller.BookController - 响应数据：{"code":20011,"data":true}
2023-09-14 22:34:35.160 [main] INFO  o.s.test.context.transaction.TransactionContext - Rolled back transaction for test: [DefaultTestContext@194fad1 testClass = BookControllerTest, testInstance = com.demo.controller.BookControllerTest@3ffd4b12, testMethod = addBookTest@BookControllerTest, testException = [null], mergedContextConfiguration = [WebMergedContextConfiguration@26abb146 testClass = BookControllerTest, locations = '{}', classes = '{class com.demo.Application}', contextInitializerClasses = '[]', activeProfiles = '{}', propertySourceLocations = '{}', propertySourceProperties = '{org.springframework.boot.test.context.SpringBootTestContextBootstrapper=true, server.port=0}', contextCustomizers = set[[ImportsContextCustomizer@72c8e7b key = [org.springframework.boot.test.autoconfigure.web.servlet.MockMvcAutoConfiguration, org.springframework.boot.test.autoconfigure.web.servlet.MockMvcWebClientAutoConfiguration, org.springframework.boot.test.autoconfigure.web.servlet.MockMvcWebDriverAutoConfiguration, org.springframework.boot.autoconfigure.security.oauth2.client.servlet.OAuth2ClientAutoConfiguration, org.springframework.boot.autoconfigure.security.oauth2.resource.servlet.OAuth2ResourceServerAutoConfiguration, org.springframework.boot.autoconfigure.security.servlet.SecurityAutoConfiguration, org.springframework.boot.autoconfigure.security.servlet.SecurityFilterAutoConfiguration, org.springframework.boot.autoconfigure.security.servlet.UserDetailsServiceAutoConfiguration, org.springframework.boot.test.autoconfigure.web.servlet.MockMvcSecurityConfiguration, org.springframework.boot.test.autoconfigure.web.reactive.WebTestClientAutoConfiguration]], org.springframework.boot.test.context.filter.ExcludeFilterContextCustomizer@2f9f7dcf, org.springframework.boot.test.json.DuplicateJsonObjectContextCustomizerFactory$DuplicateJsonObjectContextCustomizer@4f83df68, org.springframework.boot.test.mock.mockito.MockitoContextCustomizer@0, org.springframework.boot.test.web.client.TestRestTemplateContextCustomizer@2a4fb17b, org.springframework.boot.test.autoconfigure.actuate.metrics.MetricsExportContextCustomizerFactory$DisableMetricExportContextCustomizer@4d5d943d, org.springframework.boot.test.autoconfigure.properties.PropertyMappingContextCustomizer@4b3fa0b3, org.springframework.boot.test.autoconfigure.web.servlet.WebDriverContextCustomizerFactory$Customizer@3e694b3f, org.springframework.boot.test.context.SpringBootTestArgs@1, org.springframework.boot.test.context.SpringBootTestWebEnvironment@51081592], resourceBasePath = 'src/main/webapp', contextLoader = 'org.springframework.boot.test.context.SpringBootContextLoader', parent = [null]], attributes = map['org.springframework.test.context.web.ServletTestExecutionListener.activateListener' -> false, 'org.springframework.test.context.event.ApplicationEventsTestExecutionListener.recordApplicationEvents' -> false]]
2023-09-14 22:34:35.354 [SpringApplicationShutdownHook] INFO  com.alibaba.druid.pool.DruidDataSource - {dataSource-1} closing ...
2023-09-14 22:34:35.358 [SpringApplicationShutdownHook] INFO  com.alibaba.druid.pool.DruidDataSource - {dataSource-1} closed
2023-09-14 22:54:34.997 [background-preinit] INFO  org.hibernate.validator.internal.util.Version - HV000001: Hibernate Validator 6.2.5.Final
2023-09-14 22:54:35.007 [main] INFO  com.demo.service.BookServiceTest - Starting BookServiceTest using Java 1.8.0_371 on DESKTOP-K0GDO23 with PID 14856 (started by Admin in E:\workspace\ssmp_demo_02)
2023-09-14 22:54:35.007 [main] INFO  com.demo.service.BookServiceTest - The following 5 profiles are active: "test", "testMVC", "testDB", "testMP", "testCase"
2023-09-14 22:54:36.354 [main] INFO  o.s.b.a.l.ConditionEvaluationReportLoggingListener - 

Error starting ApplicationContext. To display the conditions report re-run your application with 'debug' enabled.
2023-09-14 22:57:55.439 [background-preinit] INFO  org.hibernate.validator.internal.util.Version - HV000001: Hibernate Validator 6.2.5.Final
2023-09-14 22:57:55.446 [main] INFO  com.demo.service.BookServiceTest - Starting BookServiceTest using Java 1.8.0_371 on DESKTOP-K0GDO23 with PID 18764 (started by Admin in E:\workspace\ssmp_demo_02)
2023-09-14 22:57:55.447 [main] INFO  com.demo.service.BookServiceTest - The following 4 profiles are active: "test", "testMVC", "testDB", "testMP"
2023-09-14 22:57:56.555 [main] INFO  o.s.b.a.l.ConditionEvaluationReportLoggingListener - 

Error starting ApplicationContext. To display the conditions report re-run your application with 'debug' enabled.
2023-09-14 22:58:40.616 [background-preinit] INFO  org.hibernate.validator.internal.util.Version - HV000001: Hibernate Validator 6.2.5.Final
2023-09-14 22:58:40.621 [main] INFO  com.demo.service.BookServiceTest - Starting BookServiceTest using Java 1.8.0_371 on DESKTOP-K0GDO23 with PID 16888 (started by Admin in E:\workspace\ssmp_demo_02)
2023-09-14 22:58:40.621 [main] INFO  com.demo.service.BookServiceTest - The following 4 profiles are active: "test", "testMVC", "testDB", "testMP"
2023-09-14 22:58:41.754 [main] INFO  c.a.d.s.b.a.DruidDataSourceAutoConfigure - Init DruidDataSource
2023-09-14 22:58:41.895 [main] INFO  com.alibaba.druid.pool.DruidDataSource - {dataSource-1} inited
2023-09-14 22:58:43.418 [main] INFO  com.demo.service.BookServiceTest - Started BookServiceTest in 3.269 seconds (JVM running for 4.115)
2023-09-14 22:58:43.626 [SpringApplicationShutdownHook] INFO  com.alibaba.druid.pool.DruidDataSource - {dataSource-1} closing ...
2023-09-14 22:58:43.627 [SpringApplicationShutdownHook] INFO  com.alibaba.druid.pool.DruidDataSource - {dataSource-1} closed
